# JRE version: Java(TM) SE Runtime Environment (17.0.4.1+1) (build 17.0.4.1+1-LTS-2)
# Java VM: Java HotSpot(TM) 64-Bit Server VM (17.0.4.1+1-LTS-2, mixed mode, emulated-client, sharing, tiered, compressed oops, compressed class ptrs, g1 gc, windows-amd64)
GC Precious Log:
 CPUs: 8 total, 8 available
 Memory: 7835M
 Large Page Support: Disabled
 NUMA Support: Disabled
 Compressed Oops: Enabled (32-bit)
 Heap Region Size: 1M
 Heap Min Capacity: 8M
 Heap Initial Capacity: 124M
 Heap Max Capacity: 1960M
 Pre-touch: Disabled
 Parallel Workers: 8
 Concurrent Workers: 2
 Concurrent Refinement Workers: 8
 Periodic GC: Disabled
Heap:
 garbage-first heap   total 126976K, used 54678K [0x0000000085800000, 0x0000000100000000)
  region size 1024K, 1 young (1024K), 1 survivors (1024K)
 Metaspace       used 70927K, committed 71488K, reserved 1114112K
  class space    used 10608K, committed 10880K, reserved 1048576K
GC Heap History (20 events):
Event: 14.748 GC heap after
{Heap after GC invocations=15 (full 0):
 garbage-first heap   total 86016K, used 40955K [0x0000000085800000, 0x0000000100000000)
  region size 1024K, 4 young (4096K), 4 survivors (4096K)
 Metaspace       used 49162K, committed 49728K, reserved 1097728K
  class space    used 7051K, committed 7296K, reserved 1048576K
}
Event: 15.281 GC heap before
{Heap before GC invocations=15 (full 0):
 garbage-first heap   total 86016K, used 65531K [0x0000000085800000, 0x0000000100000000)
  region size 1024K, 29 young (29696K), 4 survivors (4096K)
 Metaspace       used 54276K, committed 54784K, reserved 1097728K
  class space    used 7758K, committed 8000K, reserved 1048576K
}
Event: 15.285 GC heap after
{Heap after GC invocations=16 (full 0):
 garbage-first heap   total 86016K, used 42471K [0x0000000085800000, 0x0000000100000000)
  region size 1024K, 4 young (4096K), 4 survivors (4096K)
 Metaspace       used 54276K, committed 54784K, reserved 1097728K
  class space    used 7758K, committed 8000K, reserved 1048576K
}
Event: 15.802 GC heap before
{Heap before GC invocations=17 (full 0):
 garbage-first heap   total 86016K, used 67047K [0x0000000085800000, 0x0000000100000000)
  region size 1024K, 29 young (29696K), 4 survivors (4096K)
 Metaspace       used 60435K, committed 60928K, reserved 1105920K
  class space    used 8805K, committed 9024K, reserved 1048576K
}
Event: 15.807 GC heap after
{Heap after GC invocations=18 (full 0):
 garbage-first heap   total 86016K, used 43567K [0x0000000085800000, 0x0000000100000000)
  region size 1024K, 3 young (3072K), 3 survivors (3072K)
 Metaspace       used 60435K, committed 60928K, reserved 1105920K
  class space    used 8805K, committed 9024K, reserved 1048576K
}
Event: 15.834 GC heap before
{Heap before GC invocations=18 (full 0):
 garbage-first heap   total 86016K, used 44591K [0x0000000085800000, 0x0000000100000000)
  region size 1024K, 4 young (4096K), 3 survivors (3072K)
 Metaspace       used 60608K, committed 61120K, reserved 1105920K
  class space    used 8825K, committed 9088K, reserved 1048576K
}
Event: 15.837 GC heap after
{Heap after GC invocations=19 (full 0):
 garbage-first heap   total 86016K, used 43631K [0x0000000085800000, 0x0000000100000000)
  region size 1024K, 1 young (1024K), 1 survivors (1024K)
 Metaspace       used 60608K, committed 61120K, reserved 1105920K
  class space    used 8825K, committed 9088K, reserved 1048576K
}
Event: 16.457 GC heap before
{Heap before GC invocations=19 (full 0):
 garbage-first heap   total 86016K, used 68207K [0x0000000085800000, 0x0000000100000000)
  region size 1024K, 26 young (26624K), 1 survivors (1024K)
 Metaspace       used 64563K, committed 65088K, reserved 1105920K
  class space    used 9367K, committed 9600K, reserved 1048576K
}
Event: 16.460 GC heap after
{Heap after GC invocations=20 (full 0):
 garbage-first heap   total 86016K, used 45018K [0x0000000085800000, 0x0000000100000000)
  region size 1024K, 2 young (2048K), 2 survivors (2048K)
 Metaspace       used 64563K, committed 65088K, reserved 1105920K
  class space    used 9367K, committed 9600K, reserved 1048576K
}
Event: 17.029 GC heap before
{Heap before GC invocations=21 (full 0):
 garbage-first heap   total 86016K, used 68570K [0x0000000085800000, 0x0000000100000000)
  region size 1024K, 26 young (26624K), 2 survivors (2048K)
 Metaspace       used 69067K, committed 69632K, reserved 1114112K
  class space    used 10209K, committed 10496K, reserved 1048576K
}
Event: 17.033 GC heap after
{Heap after GC invocations=22 (full 0):
 garbage-first heap   total 86016K, used 46612K [0x0000000085800000, 0x0000000100000000)
  region size 1024K, 4 young (4096K), 4 survivors (4096K)
 Metaspace       used 69067K, committed 69632K, reserved 1114112K
  class space    used 10209K, committed 10496K, reserved 1048576K
}
Event: 17.056 GC heap before
{Heap before GC invocations=22 (full 0):
 garbage-first heap   total 86016K, used 47636K [0x0000000085800000, 0x0000000100000000)
  region size 1024K, 5 young (5120K), 4 survivors (4096K)
 Metaspace       used 69189K, committed 69760K, reserved 1114112K
  class space    used 10224K, committed 10496K, reserved 1048576K
}
Event: 17.060 GC heap after
{Heap after GC invocations=23 (full 0):
 garbage-first heap   total 86016K, used 46683K [0x0000000085800000, 0x0000000100000000)
  region size 1024K, 1 young (1024K), 1 survivors (1024K)
 Metaspace       used 69189K, committed 69760K, reserved 1114112K
  class space    used 10224K, committed 10496K, reserved 1048576K
}
Event: 17.121 GC heap before
{Heap before GC invocations=23 (full 0):
 garbage-first heap   total 86016K, used 70235K [0x0000000085800000, 0x0000000100000000)
  region size 1024K, 24 young (24576K), 1 survivors (1024K)
 Metaspace       used 69232K, committed 69760K, reserved 1114112K
  class space    used 10231K, committed 10496K, reserved 1048576K
}
Event: 17.124 GC heap after
{Heap after GC invocations=24 (full 0):
 garbage-first heap   total 86016K, used 50176K [0x0000000085800000, 0x0000000100000000)
  region size 1024K, 3 young (3072K), 3 survivors (3072K)
 Metaspace       used 69232K, committed 69760K, reserved 1114112K
  class space    used 10231K, committed 10496K, reserved 1048576K
}
Event: 17.241 GC heap before
{Heap before GC invocations=25 (full 0):
 garbage-first heap   total 102400K, used 69632K [0x0000000085800000, 0x0000000100000000)
  region size 1024K, 22 young (22528K), 3 survivors (3072K)
 Metaspace       used 70081K, committed 70720K, reserved 1114112K
  class space    used 10362K, committed 10688K, reserved 1048576K
}
Event: 17.245 GC heap after
{Heap after GC invocations=26 (full 0):
 garbage-first heap   total 102400K, used 54098K [0x0000000085800000, 0x0000000100000000)
  region size 1024K, 3 young (3072K), 3 survivors (3072K)
 Metaspace       used 70081K, committed 70720K, reserved 1114112K
  class space    used 10362K, committed 10688K, reserved 1048576K
}
Event: 17.297 GC heap before
{Heap before GC invocations=26 (full 0):
 garbage-first heap   total 102400K, used 56146K [0x0000000085800000, 0x0000000100000000)
  region size 1024K, 5 young (5120K), 3 survivors (3072K)
 Metaspace       used 70574K, committed 71168K, reserved 1114112K
  class space    used 10519K, committed 10816K, reserved 1048576K
}
Event: 17.299 GC heap after
{Heap after GC invocations=27 (full 0):
 garbage-first heap   total 102400K, used 54467K [0x0000000085800000, 0x0000000100000000)
  region size 1024K, 1 young (1024K), 1 survivors (1024K)
 Metaspace       used 70574K, committed 71168K, reserved 1114112K
  class space    used 10519K, committed 10816K, reserved 1048576K
}
Event: 17.391 GC heap before
{Heap before GC invocations=27 (full 0):
 garbage-first heap   total 102400K, used 81091K [0x0000000085800000, 0x0000000100000000)
  region size 1024K, 27 young (27648K), 1 survivors (1024K)
 Metaspace       used 70927K, committed 71488K, reserved 1114112K
  class space    used 10608K, committed 10880K, reserved 1048576K
}

