# JRE version: Java(TM) SE Runtime Environment (17.0.4.1+1) (build 17.0.4.1+1-LTS-2)
# Java VM: Java HotSpot(TM) 64-Bit Server VM (17.0.4.1+1-LTS-2, mixed mode, emulated-client, sharing, tiered, compressed oops, compressed class ptrs, g1 gc, windows-amd64)
GC Precious Log:
 CPUs: 8 total, 8 available
 Memory: 7835M
 Large Page Support: Disabled
 NUMA Support: Disabled
 Compressed Oops: Enabled (32-bit)
 Heap Region Size: 1M
 Heap Min Capacity: 8M
 Heap Initial Capacity: 124M
 Heap Max Capacity: 1960M
 Pre-touch: Disabled
 Parallel Workers: 8
 Concurrent Workers: 2
 Concurrent Refinement Workers: 8
 Periodic GC: Disabled
Heap:
 garbage-first heap   total 198656K, used 102825K [0x0000000085800000, 0x0000000100000000)
  region size 1024K, 51 young (52224K), 5 survivors (5120K)
 Metaspace       used 84533K, committed 85248K, reserved 1122304K
  class space    used 12590K, committed 12928K, reserved 1048576K
GC Heap History (20 events):
Event: 10.503 GC heap before
{Heap before GC invocations=13 (full 0):
 garbage-first heap   total 110592K, used 85598K [0x0000000085800000, 0x0000000100000000)
  region size 1024K, 46 young (47104K), 1 survivors (1024K)
 Metaspace       used 52646K, committed 53184K, reserved 1097728K
  class space    used 7482K, committed 7744K, reserved 1048576K
}
Event: 10.507 GC heap after
{Heap after GC invocations=14 (full 0):
 garbage-first heap   total 110592K, used 42351K [0x0000000085800000, 0x0000000100000000)
  region size 1024K, 4 young (4096K), 4 survivors (4096K)
 Metaspace       used 52646K, committed 53184K, reserved 1097728K
  class space    used 7482K, committed 7744K, reserved 1048576K
}
Event: 11.816 GC heap before
{Heap before GC invocations=14 (full 0):
 garbage-first heap   total 110592K, used 67951K [0x0000000085800000, 0x0000000100000000)
  region size 1024K, 30 young (30720K), 4 survivors (4096K)
 Metaspace       used 59743K, committed 60288K, reserved 1105920K
  class space    used 8655K, committed 8896K, reserved 1048576K
}
Event: 11.822 GC heap after
{Heap after GC invocations=15 (full 0):
 garbage-first heap   total 110592K, used 43082K [0x0000000085800000, 0x0000000100000000)
  region size 1024K, 1 young (1024K), 1 survivors (1024K)
 Metaspace       used 59743K, committed 60288K, reserved 1105920K
  class space    used 8655K, committed 8896K, reserved 1048576K
}
Event: 13.453 GC heap before
{Heap before GC invocations=16 (full 0):
 garbage-first heap   total 110592K, used 88138K [0x0000000085800000, 0x0000000100000000)
  region size 1024K, 45 young (46080K), 1 survivors (1024K)
 Metaspace       used 66127K, committed 66688K, reserved 1105920K
  class space    used 9745K, committed 9984K, reserved 1048576K
}
Event: 13.459 GC heap after
{Heap after GC invocations=17 (full 0):
 garbage-first heap   total 110592K, used 46404K [0x0000000085800000, 0x0000000100000000)
  region size 1024K, 5 young (5120K), 5 survivors (5120K)
 Metaspace       used 66127K, committed 66688K, reserved 1105920K
  class space    used 9745K, committed 9984K, reserved 1048576K
}
Event: 13.464 GC heap before
{Heap before GC invocations=17 (full 0):
 garbage-first heap   total 110592K, used 47428K [0x0000000085800000, 0x0000000100000000)
  region size 1024K, 6 young (6144K), 5 survivors (5120K)
 Metaspace       used 66133K, committed 66688K, reserved 1105920K
  class space    used 9745K, committed 9984K, reserved 1048576K
}
Event: 13.468 GC heap after
{Heap after GC invocations=18 (full 0):
 garbage-first heap   total 110592K, used 46064K [0x0000000085800000, 0x0000000100000000)
  region size 1024K, 1 young (1024K), 1 survivors (1024K)
 Metaspace       used 66133K, committed 66688K, reserved 1105920K
  class space    used 9745K, committed 9984K, reserved 1048576K
}
Event: 13.866 GC heap before
{Heap before GC invocations=18 (full 0):
 garbage-first heap   total 110592K, used 88048K [0x0000000085800000, 0x0000000100000000)
  region size 1024K, 42 young (43008K), 1 survivors (1024K)
 Metaspace       used 67916K, committed 68480K, reserved 1114112K
  class space    used 10128K, committed 10368K, reserved 1048576K
}
Event: 13.867 GC heap after
{Heap after GC invocations=19 (full 0):
 garbage-first heap   total 110592K, used 47212K [0x0000000085800000, 0x0000000100000000)
  region size 1024K, 2 young (2048K), 2 survivors (2048K)
 Metaspace       used 67916K, committed 68480K, reserved 1114112K
  class space    used 10128K, committed 10368K, reserved 1048576K
}
Event: 14.234 GC heap before
{Heap before GC invocations=19 (full 0):
 garbage-first heap   total 110592K, used 89196K [0x0000000085800000, 0x0000000100000000)
  region size 1024K, 43 young (44032K), 2 survivors (2048K)
 Metaspace       used 69491K, committed 70080K, reserved 1114112K
  class space    used 10392K, committed 10624K, reserved 1048576K
}
Event: 14.239 GC heap after
{Heap after GC invocations=20 (full 0):
 garbage-first heap   total 110592K, used 47899K [0x0000000085800000, 0x0000000100000000)
  region size 1024K, 3 young (3072K), 3 survivors (3072K)
 Metaspace       used 69491K, committed 70080K, reserved 1114112K
  class space    used 10392K, committed 10624K, reserved 1048576K
}
Event: 15.539 GC heap before
{Heap before GC invocations=20 (full 0):
 garbage-first heap   total 110592K, used 90907K [0x0000000085800000, 0x0000000100000000)
  region size 1024K, 45 young (46080K), 3 survivors (3072K)
 Metaspace       used 71556K, committed 72128K, reserved 1114112K
  class space    used 10660K, committed 10880K, reserved 1048576K
}
Event: 15.546 GC heap after
{Heap after GC invocations=21 (full 0):
 garbage-first heap   total 110592K, used 50312K [0x0000000085800000, 0x0000000100000000)
  region size 1024K, 5 young (5120K), 5 survivors (5120K)
 Metaspace       used 71556K, committed 72128K, reserved 1114112K
  class space    used 10660K, committed 10880K, reserved 1048576K
}
Event: 17.064 GC heap before
{Heap before GC invocations=21 (full 0):
 garbage-first heap   total 110592K, used 91272K [0x0000000085800000, 0x0000000100000000)
  region size 1024K, 45 young (46080K), 5 survivors (5120K)
 Metaspace       used 73363K, committed 74048K, reserved 1114112K
  class space    used 10923K, committed 11264K, reserved 1048576K
}
Event: 17.073 GC heap after
{Heap after GC invocations=22 (full 0):
 garbage-first heap   total 110592K, used 52914K [0x0000000085800000, 0x0000000100000000)
  region size 1024K, 5 young (5120K), 5 survivors (5120K)
 Metaspace       used 73363K, committed 74048K, reserved 1114112K
  class space    used 10923K, committed 11264K, reserved 1048576K
}
Event: 18.060 GC heap before
{Heap before GC invocations=22 (full 0):
 garbage-first heap   total 110592K, used 91826K [0x0000000085800000, 0x0000000100000000)
  region size 1024K, 43 young (44032K), 5 survivors (5120K)
 Metaspace       used 74902K, committed 75520K, reserved 1114112K
  class space    used 11193K, committed 11520K, reserved 1048576K
}
Event: 18.070 GC heap after
{Heap after GC invocations=23 (full 0):
 garbage-first heap   total 110592K, used 55119K [0x0000000085800000, 0x0000000100000000)
  region size 1024K, 5 young (5120K), 5 survivors (5120K)
 Metaspace       used 74902K, committed 75520K, reserved 1114112K
  class space    used 11193K, committed 11520K, reserved 1048576K
}
Event: 19.172 GC heap before
{Heap before GC invocations=23 (full 0):
 garbage-first heap   total 110592K, used 91983K [0x0000000085800000, 0x0000000100000000)
  region size 1024K, 41 young (41984K), 5 survivors (5120K)
 Metaspace       used 78020K, committed 78592K, reserved 1122304K
  class space    used 11647K, committed 11904K, reserved 1048576K
}
Event: 19.181 GC heap after
{Heap after GC invocations=24 (full 0):
 garbage-first heap   total 235520K, used 56745K [0x0000000085800000, 0x0000000100000000)
  region size 1024K, 5 young (5120K), 5 survivors (5120K)
 Metaspace       used 78020K, committed 78592K, reserved 1122304K
  class space    used 11647K, committed 11904K, reserved 1048576K
}

